2025-05-22 10:35:36,318 - __main__ - INFO - DICOM 파일 로드 중: ./data/RP_74102.dcm
2025-05-22 10:35:36,355 - __main__ - INFO - 레이어 185.60MeV, dr_machine: 20.00MU/s, dr_old: 20.00MU/s,, dr_max: 586.66MU/s,  dr_corr_DR: 20.00MU/s, T_scan: 0.11s
2025-05-22 10:35:36,356 - __main__ - INFO - 레이어 182.00MeV, dr_machine: 20.00MU/s, dr_old: 20.00MU/s,, dr_max: 865.41MU/s,  dr_corr_DR: 20.00MU/s, T_scan: 0.60s
2025-05-22 10:35:36,357 - __main__ - INFO - 레이어 178.40MeV, dr_machine: 20.00MU/s, dr_old: 20.00MU/s,, dr_max: 937.76MU/s,  dr_corr_DR: 20.00MU/s, T_scan: 0.84s
2025-05-22 10:35:36,357 - __main__ - INFO - 레이어 175.20MeV, dr_machine: 20.00MU/s, dr_old: 20.00MU/s,, dr_max: 852.72MU/s,  dr_corr_DR: 20.00MU/s, T_scan: 0.60s
2025-05-22 10:35:36,357 - __main__ - INFO - 레이어 172.00MeV, dr_machine: 20.00MU/s, dr_old: 20.00MU/s,, dr_max: 887.84MU/s,  dr_corr_DR: 20.00MU/s, T_scan: 0.51s
2025-05-22 10:35:36,359 - __main__ - INFO - 레이어 168.80MeV, dr_machine: 20.00MU/s, dr_old: 20.00MU/s,, dr_max: 842.85MU/s,  dr_corr_DR: 20.00MU/s, T_scan: 0.45s
2025-05-22 10:35:36,360 - __main__ - INFO - 레이어 165.60MeV, dr_machine: 20.00MU/s, dr_old: 20.00MU/s,, dr_max: 705.41MU/s,  dr_corr_DR: 20.00MU/s, T_scan: 0.34s
2025-05-22 10:35:36,360 - __main__ - INFO - 레이어 162.40MeV, dr_machine: 20.00MU/s, dr_old: 20.00MU/s,, dr_max: 759.24MU/s,  dr_corr_DR: 20.00MU/s, T_scan: 0.36s
2025-05-22 10:35:36,361 - __main__ - INFO - 레이어 159.20MeV, dr_machine: 20.00MU/s, dr_old: 20.00MU/s,, dr_max: 1011.50MU/s,  dr_corr_DR: 20.00MU/s, T_scan: 0.39s
2025-05-22 10:35:36,361 - __main__ - INFO - 레이어 156.00MeV, dr_machine: 20.00MU/s, dr_old: 20.00MU/s,, dr_max: 930.20MU/s,  dr_corr_DR: 20.00MU/s, T_scan: 0.44s
2025-05-22 10:35:36,362 - __main__ - INFO - 레이어 152.80MeV, dr_machine: 20.00MU/s, dr_old: 20.00MU/s,, dr_max: 921.86MU/s,  dr_corr_DR: 20.00MU/s, T_scan: 0.40s
2025-05-22 10:35:36,363 - __main__ - INFO - 레이어 150.00MeV, dr_machine: 20.00MU/s, dr_old: 20.00MU/s,, dr_max: 894.18MU/s,  dr_corr_DR: 20.00MU/s, T_scan: 0.31s
2025-05-22 10:35:36,364 - __main__ - INFO - 레이어 147.20MeV, dr_machine: 20.00MU/s, dr_old: 20.00MU/s,, dr_max: 807.66MU/s,  dr_corr_DR: 20.00MU/s, T_scan: 0.29s
2025-05-22 10:35:36,364 - __main__ - INFO - 레이어 144.40MeV, dr_machine: 19.53MU/s, dr_old: 19.53MU/s,, dr_max: 976.52MU/s,  dr_corr_DR: 19.53MU/s, T_scan: 0.28s
2025-05-22 10:35:36,365 - __main__ - INFO - 레이어 141.60MeV, dr_machine: 17.24MU/s, dr_old: 17.24MU/s,, dr_max: 755.36MU/s,  dr_corr_DR: 17.24MU/s, T_scan: 0.29s
2025-05-22 10:35:36,366 - __main__ - INFO - 레이어 138.80MeV, dr_machine: 16.09MU/s, dr_old: 16.09MU/s,, dr_max: 848.06MU/s,  dr_corr_DR: 16.09MU/s, T_scan: 0.27s
2025-05-22 10:35:36,366 - __main__ - INFO - 레이어 136.00MeV, dr_machine: 14.94MU/s, dr_old: 14.94MU/s,, dr_max: 605.79MU/s,  dr_corr_DR: 14.94MU/s, T_scan: 0.25s
2025-05-22 10:35:36,367 - __main__ - INFO - 레이어 133.20MeV, dr_machine: 13.79MU/s, dr_old: 13.79MU/s,, dr_max: 447.76MU/s,  dr_corr_DR: 13.79MU/s, T_scan: 0.20s
2025-05-22 10:35:36,367 - __main__ - INFO - 레이어 130.40MeV, dr_machine: 12.64MU/s, dr_old: 12.64MU/s,, dr_max: 871.04MU/s,  dr_corr_DR: 12.64MU/s, T_scan: 0.18s
2025-05-22 10:35:36,368 - __main__ - INFO - 레이어 128.00MeV, dr_machine: 11.49MU/s, dr_old: 11.49MU/s,, dr_max: 453.67MU/s,  dr_corr_DR: 11.49MU/s, T_scan: 0.12s
2025-05-22 10:35:36,369 - __main__ - INFO - 레이어 125.60MeV, dr_machine: 10.80MU/s, dr_old: 10.80MU/s,, dr_max: 398.24MU/s,  dr_corr_DR: 10.80MU/s, T_scan: 0.10s
2025-05-22 10:35:36,369 - __main__ - INFO - 레이어 123.20MeV, dr_machine: 10.80MU/s, dr_old: 10.80MU/s,, dr_max: 361.64MU/s,  dr_corr_DR: 10.80MU/s, T_scan: 0.08s
2025-05-22 10:35:36,370 - __main__ - INFO - 레이어 120.80MeV, dr_machine: 9.90MU/s, dr_old: 9.90MU/s,, dr_max: 211.21MU/s,  dr_corr_DR: 9.90MU/s, T_scan: 0.06s
2025-05-22 10:35:36,370 - __main__ - INFO - 레이어 118.40MeV, dr_machine: 9.19MU/s, dr_old: 6.66MU/s,, dr_max: 31.07MU/s,  dr_corr_DR: 6.66MU/s, T_scan: 0.00s
2025-05-22 10:35:36,371 - __main__ - INFO - 레이어 116.00MeV, dr_machine: 9.19MU/s, dr_old: 9.19MU/s,, dr_max: 921.79MU/s,  dr_corr_DR: 9.19MU/s, T_scan: 0.13s
2025-05-22 10:35:36,371 - __main__ - INFO - 레이어 113.60MeV, dr_machine: 9.19MU/s, dr_old: 9.19MU/s,, dr_max: 472.42MU/s,  dr_corr_DR: 9.19MU/s, T_scan: 0.03s
2025-05-22 10:35:36,372 - __main__ - INFO - 호흡/게이팅 신호 생성 중 (주기: 4.0초, 진폭: 0.2)
2025-05-22 10:35:36,374 - __main__ - INFO - 빔 조사 시간 시뮬레이션 중 (레이어 전환 시간: 2.0초)
2025-05-22 10:35:36,374 - __main__ - INFO - T_on: 1.9357000000000002, T_off: 2.0643, T_total: 4.0
2025-05-22 10:35:36,375 - __main__ - INFO - 처리 완료 - 총 치료 시간: 98.57초
2025-05-22 10:35:36,776 - __main__ - INFO - 그래프가 저장되었습니다: output_plots\Port_0-TLS_2.0-TR_4.0-Amp_0.2-DR_20.jpg

2025-05-22 10:35:36,841 - __main__ - INFO - DICOM 파일 로드 중: ./data/RP_74102.dcm
2025-05-22 10:35:36,876 - __main__ - INFO - 레이어 185.60MeV, dr_machine: 20.00MU/s, dr_old: 14.67MU/s,, dr_max: 586.66MU/s,  dr_corr_DR: 14.67MU/s, T_scan: 0.14s
2025-05-22 10:35:36,876 - __main__ - INFO - 레이어 182.00MeV, dr_machine: 20.00MU/s, dr_old: 20.00MU/s,, dr_max: 865.41MU/s,  dr_corr_DR: 20.00MU/s, T_scan: 0.60s
2025-05-22 10:35:36,877 - __main__ - INFO - 레이어 178.40MeV, dr_machine: 20.00MU/s, dr_old: 20.00MU/s,, dr_max: 937.76MU/s,  dr_corr_DR: 20.00MU/s, T_scan: 0.84s
2025-05-22 10:35:36,878 - __main__ - INFO - 레이어 175.20MeV, dr_machine: 20.00MU/s, dr_old: 20.00MU/s,, dr_max: 852.72MU/s,  dr_corr_DR: 20.00MU/s, T_scan: 0.60s
2025-05-22 10:35:36,878 - __main__ - INFO - 레이어 172.00MeV, dr_machine: 20.00MU/s, dr_old: 20.00MU/s,, dr_max: 887.84MU/s,  dr_corr_DR: 20.00MU/s, T_scan: 0.51s
2025-05-22 10:35:36,878 - __main__ - INFO - 레이어 168.80MeV, dr_machine: 20.00MU/s, dr_old: 20.00MU/s,, dr_max: 842.85MU/s,  dr_corr_DR: 20.00MU/s, T_scan: 0.45s
2025-05-22 10:35:36,880 - __main__ - INFO - 레이어 165.60MeV, dr_machine: 20.00MU/s, dr_old: 17.64MU/s,, dr_max: 705.41MU/s,  dr_corr_DR: 17.64MU/s, T_scan: 0.39s
2025-05-22 10:35:36,880 - __main__ - INFO - 레이어 162.40MeV, dr_machine: 20.00MU/s, dr_old: 18.98MU/s,, dr_max: 759.24MU/s,  dr_corr_DR: 18.98MU/s, T_scan: 0.38s
2025-05-22 10:35:36,881 - __main__ - INFO - 레이어 159.20MeV, dr_machine: 20.00MU/s, dr_old: 20.00MU/s,, dr_max: 1011.50MU/s,  dr_corr_DR: 20.00MU/s, T_scan: 0.39s
2025-05-22 10:35:36,881 - __main__ - INFO - 레이어 156.00MeV, dr_machine: 20.00MU/s, dr_old: 20.00MU/s,, dr_max: 930.20MU/s,  dr_corr_DR: 20.00MU/s, T_scan: 0.44s
2025-05-22 10:35:36,882 - __main__ - INFO - 레이어 152.80MeV, dr_machine: 20.00MU/s, dr_old: 20.00MU/s,, dr_max: 921.86MU/s,  dr_corr_DR: 20.00MU/s, T_scan: 0.40s
2025-05-22 10:35:36,883 - __main__ - INFO - 레이어 150.00MeV, dr_machine: 20.00MU/s, dr_old: 20.00MU/s,, dr_max: 894.18MU/s,  dr_corr_DR: 20.00MU/s, T_scan: 0.31s
2025-05-22 10:35:36,883 - __main__ - INFO - 레이어 147.20MeV, dr_machine: 20.00MU/s, dr_old: 20.00MU/s,, dr_max: 807.66MU/s,  dr_corr_DR: 20.00MU/s, T_scan: 0.29s
2025-05-22 10:35:36,884 - __main__ - INFO - 레이어 144.40MeV, dr_machine: 19.53MU/s, dr_old: 19.53MU/s,, dr_max: 976.52MU/s,  dr_corr_DR: 19.53MU/s, T_scan: 0.28s
2025-05-22 10:35:36,884 - __main__ - INFO - 레이어 141.60MeV, dr_machine: 17.24MU/s, dr_old: 17.24MU/s,, dr_max: 755.36MU/s,  dr_corr_DR: 17.24MU/s, T_scan: 0.29s
2025-05-22 10:35:36,886 - __main__ - INFO - 레이어 138.80MeV, dr_machine: 16.09MU/s, dr_old: 16.09MU/s,, dr_max: 848.06MU/s,  dr_corr_DR: 16.09MU/s, T_scan: 0.27s
2025-05-22 10:35:36,886 - __main__ - INFO - 레이어 136.00MeV, dr_machine: 14.94MU/s, dr_old: 14.94MU/s,, dr_max: 605.79MU/s,  dr_corr_DR: 14.94MU/s, T_scan: 0.25s
2025-05-22 10:35:36,887 - __main__ - INFO - 레이어 133.20MeV, dr_machine: 13.79MU/s, dr_old: 11.19MU/s,, dr_max: 447.76MU/s,  dr_corr_DR: 11.19MU/s, T_scan: 0.24s
2025-05-22 10:35:36,888 - __main__ - INFO - 레이어 130.40MeV, dr_machine: 12.64MU/s, dr_old: 12.64MU/s,, dr_max: 871.04MU/s,  dr_corr_DR: 12.64MU/s, T_scan: 0.18s
2025-05-22 10:35:36,889 - __main__ - INFO - 레이어 128.00MeV, dr_machine: 11.49MU/s, dr_old: 11.34MU/s,, dr_max: 453.67MU/s,  dr_corr_DR: 11.34MU/s, T_scan: 0.12s
2025-05-22 10:35:36,889 - __main__ - INFO - 레이어 125.60MeV, dr_machine: 10.80MU/s, dr_old: 9.96MU/s,, dr_max: 398.24MU/s,  dr_corr_DR: 9.96MU/s, T_scan: 0.11s
2025-05-22 10:35:36,890 - __main__ - INFO - 레이어 123.20MeV, dr_machine: 10.80MU/s, dr_old: 9.04MU/s,, dr_max: 361.64MU/s,  dr_corr_DR: 9.04MU/s, T_scan: 0.09s
2025-05-22 10:35:36,891 - __main__ - INFO - 레이어 120.80MeV, dr_machine: 9.90MU/s, dr_old: 5.28MU/s,, dr_max: 211.21MU/s,  dr_corr_DR: 5.28MU/s, T_scan: 0.10s
2025-05-22 10:35:36,891 - __main__ - INFO - 레이어 118.40MeV, dr_machine: 9.19MU/s, dr_old: 6.66MU/s,, dr_max: 31.07MU/s,  dr_corr_DR: 6.66MU/s, T_scan: 0.00s
2025-05-22 10:35:36,892 - __main__ - INFO - 레이어 116.00MeV, dr_machine: 9.19MU/s, dr_old: 9.19MU/s,, dr_max: 921.79MU/s,  dr_corr_DR: 9.19MU/s, T_scan: 0.13s
2025-05-22 10:35:36,892 - __main__ - INFO - 레이어 113.60MeV, dr_machine: 9.19MU/s, dr_old: 9.19MU/s,, dr_max: 472.42MU/s,  dr_corr_DR: 9.19MU/s, T_scan: 0.03s
2025-05-22 10:35:36,893 - __main__ - INFO - 호흡/게이팅 신호 생성 중 (주기: 4.0초, 진폭: 0.2)
2025-05-22 10:35:36,895 - __main__ - INFO - 빔 조사 시간 시뮬레이션 중 (레이어 전환 시간: 2.0초)
2025-05-22 10:35:36,895 - __main__ - INFO - T_on: 1.9357000000000002, T_off: 2.0643, T_total: 4.0
2025-05-22 10:35:36,895 - __main__ - INFO - 처리 완료 - 총 치료 시간: 98.57초
2025-05-22 10:35:37,106 - __main__ - INFO - 그래프가 저장되었습니다: output_plots\Port_0-TLS_2.0-TR_4.0-Amp_0.2-DR_40.jpg

2025-05-22 10:35:37,174 - __main__ - INFO - DICOM 파일 로드 중: ./data/RP_74102.dcm
2025-05-22 10:35:37,211 - __main__ - INFO - 레이어 185.60MeV, dr_machine: 20.00MU/s, dr_old: 9.78MU/s,, dr_max: 586.66MU/s,  dr_corr_DR: 9.78MU/s, T_scan: 0.21s
2025-05-22 10:35:37,212 - __main__ - INFO - 레이어 182.00MeV, dr_machine: 20.00MU/s, dr_old: 14.42MU/s,, dr_max: 865.41MU/s,  dr_corr_DR: 14.42MU/s, T_scan: 0.83s
2025-05-22 10:35:37,212 - __main__ - INFO - 레이어 178.40MeV, dr_machine: 20.00MU/s, dr_old: 15.63MU/s,, dr_max: 937.76MU/s,  dr_corr_DR: 15.63MU/s, T_scan: 1.07s
2025-05-22 10:35:37,213 - __main__ - INFO - 레이어 175.20MeV, dr_machine: 20.00MU/s, dr_old: 14.21MU/s,, dr_max: 852.72MU/s,  dr_corr_DR: 14.21MU/s, T_scan: 0.84s
2025-05-22 10:35:37,214 - __main__ - INFO - 레이어 172.00MeV, dr_machine: 20.00MU/s, dr_old: 14.80MU/s,, dr_max: 887.84MU/s,  dr_corr_DR: 14.80MU/s, T_scan: 0.69s
2025-05-22 10:35:37,214 - __main__ - INFO - 레이어 168.80MeV, dr_machine: 20.00MU/s, dr_old: 14.05MU/s,, dr_max: 842.85MU/s,  dr_corr_DR: 14.05MU/s, T_scan: 0.63s
2025-05-22 10:35:37,215 - __main__ - INFO - 레이어 165.60MeV, dr_machine: 20.00MU/s, dr_old: 11.76MU/s,, dr_max: 705.41MU/s,  dr_corr_DR: 11.76MU/s, T_scan: 0.57s
2025-05-22 10:35:37,216 - __main__ - INFO - 레이어 162.40MeV, dr_machine: 20.00MU/s, dr_old: 12.65MU/s,, dr_max: 759.24MU/s,  dr_corr_DR: 12.65MU/s, T_scan: 0.56s
2025-05-22 10:35:37,217 - __main__ - INFO - 레이어 159.20MeV, dr_machine: 20.00MU/s, dr_old: 16.86MU/s,, dr_max: 1011.50MU/s,  dr_corr_DR: 16.86MU/s, T_scan: 0.46s
2025-05-22 10:35:37,217 - __main__ - INFO - 레이어 156.00MeV, dr_machine: 20.00MU/s, dr_old: 15.50MU/s,, dr_max: 930.20MU/s,  dr_corr_DR: 15.50MU/s, T_scan: 0.57s
2025-05-22 10:35:37,218 - __main__ - INFO - 레이어 152.80MeV, dr_machine: 20.00MU/s, dr_old: 15.36MU/s,, dr_max: 921.86MU/s,  dr_corr_DR: 15.36MU/s, T_scan: 0.51s
2025-05-22 10:35:37,219 - __main__ - INFO - 레이어 150.00MeV, dr_machine: 20.00MU/s, dr_old: 14.90MU/s,, dr_max: 894.18MU/s,  dr_corr_DR: 14.90MU/s, T_scan: 0.40s
2025-05-22 10:35:37,220 - __main__ - INFO - 레이어 147.20MeV, dr_machine: 20.00MU/s, dr_old: 13.46MU/s,, dr_max: 807.66MU/s,  dr_corr_DR: 13.46MU/s, T_scan: 0.41s
2025-05-22 10:35:37,221 - __main__ - INFO - 레이어 144.40MeV, dr_machine: 19.53MU/s, dr_old: 16.28MU/s,, dr_max: 976.52MU/s,  dr_corr_DR: 16.28MU/s, T_scan: 0.33s
2025-05-22 10:35:37,221 - __main__ - INFO - 레이어 141.60MeV, dr_machine: 17.24MU/s, dr_old: 12.59MU/s,, dr_max: 755.36MU/s,  dr_corr_DR: 12.59MU/s, T_scan: 0.38s
2025-05-22 10:35:37,222 - __main__ - INFO - 레이어 138.80MeV, dr_machine: 16.09MU/s, dr_old: 14.13MU/s,, dr_max: 848.06MU/s,  dr_corr_DR: 14.13MU/s, T_scan: 0.31s
2025-05-22 10:35:37,223 - __main__ - INFO - 레이어 136.00MeV, dr_machine: 14.94MU/s, dr_old: 10.10MU/s,, dr_max: 605.79MU/s,  dr_corr_DR: 10.10MU/s, T_scan: 0.36s
2025-05-22 10:35:37,223 - __main__ - INFO - 레이어 133.20MeV, dr_machine: 13.79MU/s, dr_old: 7.46MU/s,, dr_max: 447.76MU/s,  dr_corr_DR: 7.46MU/s, T_scan: 0.35s
2025-05-22 10:35:37,224 - __main__ - INFO - 레이어 130.40MeV, dr_machine: 12.64MU/s, dr_old: 12.64MU/s,, dr_max: 871.04MU/s,  dr_corr_DR: 12.64MU/s, T_scan: 0.18s
2025-05-22 10:35:37,225 - __main__ - INFO - 레이어 128.00MeV, dr_machine: 11.49MU/s, dr_old: 7.56MU/s,, dr_max: 453.67MU/s,  dr_corr_DR: 7.56MU/s, T_scan: 0.18s
2025-05-22 10:35:37,225 - __main__ - INFO - 레이어 125.60MeV, dr_machine: 10.80MU/s, dr_old: 6.64MU/s,, dr_max: 398.24MU/s,  dr_corr_DR: 6.64MU/s, T_scan: 0.16s
2025-05-22 10:35:37,227 - __main__ - INFO - 레이어 123.20MeV, dr_machine: 10.80MU/s, dr_old: 6.03MU/s,, dr_max: 361.64MU/s,  dr_corr_DR: 6.03MU/s, T_scan: 0.13s
2025-05-22 10:35:37,227 - __main__ - INFO - 레이어 120.80MeV, dr_machine: 9.90MU/s, dr_old: 3.52MU/s,, dr_max: 211.21MU/s,  dr_corr_DR: 3.52MU/s, T_scan: 0.15s
2025-05-22 10:35:37,228 - __main__ - INFO - 레이어 118.40MeV, dr_machine: 9.19MU/s, dr_old: 6.66MU/s,, dr_max: 31.07MU/s,  dr_corr_DR: 6.66MU/s, T_scan: 0.00s
2025-05-22 10:35:37,228 - __main__ - INFO - 레이어 116.00MeV, dr_machine: 9.19MU/s, dr_old: 9.19MU/s,, dr_max: 921.79MU/s,  dr_corr_DR: 9.19MU/s, T_scan: 0.13s
2025-05-22 10:35:37,230 - __main__ - INFO - 레이어 113.60MeV, dr_machine: 9.19MU/s, dr_old: 7.87MU/s,, dr_max: 472.42MU/s,  dr_corr_DR: 7.87MU/s, T_scan: 0.04s
2025-05-22 10:35:37,230 - __main__ - INFO - 호흡/게이팅 신호 생성 중 (주기: 4.0초, 진폭: 0.2)
2025-05-22 10:35:37,232 - __main__ - INFO - 빔 조사 시간 시뮬레이션 중 (레이어 전환 시간: 2.0초)
2025-05-22 10:35:37,232 - __main__ - INFO - T_on: 1.9357000000000002, T_off: 2.0643, T_total: 4.0
2025-05-22 10:35:37,232 - __main__ - INFO - 처리 완료 - 총 치료 시간: 98.57초
2025-05-22 10:35:37,438 - __main__ - INFO - 그래프가 저장되었습니다: output_plots\Port_0-TLS_2.0-TR_4.0-Amp_0.2-DR_60.jpg

2025-05-22 10:35:37,502 - __main__ - INFO - DICOM 파일 로드 중: ./data/RP_74102.dcm
2025-05-22 10:35:37,538 - __main__ - INFO - 레이어 185.60MeV, dr_machine: 20.00MU/s, dr_old: 7.33MU/s,, dr_max: 586.66MU/s,  dr_corr_DR: 7.33MU/s, T_scan: 0.28s
2025-05-22 10:35:37,538 - __main__ - INFO - 레이어 182.00MeV, dr_machine: 20.00MU/s, dr_old: 10.82MU/s,, dr_max: 865.41MU/s,  dr_corr_DR: 10.82MU/s, T_scan: 1.10s
2025-05-22 10:35:37,539 - __main__ - INFO - 레이어 178.40MeV, dr_machine: 20.00MU/s, dr_old: 11.72MU/s,, dr_max: 937.76MU/s,  dr_corr_DR: 11.72MU/s, T_scan: 1.42s
2025-05-22 10:35:37,539 - __main__ - INFO - 레이어 175.20MeV, dr_machine: 20.00MU/s, dr_old: 10.66MU/s,, dr_max: 852.72MU/s,  dr_corr_DR: 10.66MU/s, T_scan: 1.11s
2025-05-22 10:35:37,540 - __main__ - INFO - 레이어 172.00MeV, dr_machine: 20.00MU/s, dr_old: 11.10MU/s,, dr_max: 887.84MU/s,  dr_corr_DR: 11.10MU/s, T_scan: 0.92s
2025-05-22 10:35:37,541 - __main__ - INFO - 레이어 168.80MeV, dr_machine: 20.00MU/s, dr_old: 10.54MU/s,, dr_max: 842.85MU/s,  dr_corr_DR: 10.54MU/s, T_scan: 0.84s
2025-05-22 10:35:37,541 - __main__ - INFO - 레이어 165.60MeV, dr_machine: 20.00MU/s, dr_old: 8.82MU/s,, dr_max: 705.41MU/s,  dr_corr_DR: 8.82MU/s, T_scan: 0.76s
2025-05-22 10:35:37,541 - __main__ - INFO - 레이어 162.40MeV, dr_machine: 20.00MU/s, dr_old: 9.49MU/s,, dr_max: 759.24MU/s,  dr_corr_DR: 9.49MU/s, T_scan: 0.75s
2025-05-22 10:35:37,543 - __main__ - INFO - 레이어 159.20MeV, dr_machine: 20.00MU/s, dr_old: 12.64MU/s,, dr_max: 1011.50MU/s,  dr_corr_DR: 12.64MU/s, T_scan: 0.60s
2025-05-22 10:35:37,544 - __main__ - INFO - 레이어 156.00MeV, dr_machine: 20.00MU/s, dr_old: 11.63MU/s,, dr_max: 930.20MU/s,  dr_corr_DR: 11.63MU/s, T_scan: 0.75s
2025-05-22 10:35:37,544 - __main__ - INFO - 레이어 152.80MeV, dr_machine: 20.00MU/s, dr_old: 11.52MU/s,, dr_max: 921.86MU/s,  dr_corr_DR: 11.52MU/s, T_scan: 0.67s
2025-05-22 10:35:37,545 - __main__ - INFO - 레이어 150.00MeV, dr_machine: 20.00MU/s, dr_old: 11.18MU/s,, dr_max: 894.18MU/s,  dr_corr_DR: 11.18MU/s, T_scan: 0.53s
2025-05-22 10:35:37,546 - __main__ - INFO - 레이어 147.20MeV, dr_machine: 20.00MU/s, dr_old: 10.10MU/s,, dr_max: 807.66MU/s,  dr_corr_DR: 10.10MU/s, T_scan: 0.54s
2025-05-22 10:35:37,546 - __main__ - INFO - 레이어 144.40MeV, dr_machine: 19.53MU/s, dr_old: 12.21MU/s,, dr_max: 976.52MU/s,  dr_corr_DR: 12.21MU/s, T_scan: 0.43s
2025-05-22 10:35:37,547 - __main__ - INFO - 레이어 141.60MeV, dr_machine: 17.24MU/s, dr_old: 9.44MU/s,, dr_max: 755.36MU/s,  dr_corr_DR: 9.44MU/s, T_scan: 0.50s
2025-05-22 10:35:37,548 - __main__ - INFO - 레이어 138.80MeV, dr_machine: 16.09MU/s, dr_old: 10.60MU/s,, dr_max: 848.06MU/s,  dr_corr_DR: 10.60MU/s, T_scan: 0.41s
2025-05-22 10:35:37,549 - __main__ - INFO - 레이어 136.00MeV, dr_machine: 14.94MU/s, dr_old: 7.57MU/s,, dr_max: 605.79MU/s,  dr_corr_DR: 7.57MU/s, T_scan: 0.47s
2025-05-22 10:35:37,549 - __main__ - INFO - 레이어 133.20MeV, dr_machine: 13.79MU/s, dr_old: 5.60MU/s,, dr_max: 447.76MU/s,  dr_corr_DR: 5.60MU/s, T_scan: 0.46s
2025-05-22 10:35:37,549 - __main__ - INFO - 레이어 130.40MeV, dr_machine: 12.64MU/s, dr_old: 10.89MU/s,, dr_max: 871.04MU/s,  dr_corr_DR: 10.89MU/s, T_scan: 0.20s
2025-05-22 10:35:37,550 - __main__ - INFO - 레이어 128.00MeV, dr_machine: 11.49MU/s, dr_old: 5.67MU/s,, dr_max: 453.67MU/s,  dr_corr_DR: 5.67MU/s, T_scan: 0.23s
2025-05-22 10:35:37,550 - __main__ - INFO - 레이어 125.60MeV, dr_machine: 10.80MU/s, dr_old: 4.98MU/s,, dr_max: 398.24MU/s,  dr_corr_DR: 4.98MU/s, T_scan: 0.21s
2025-05-22 10:35:37,551 - __main__ - INFO - 레이어 123.20MeV, dr_machine: 10.80MU/s, dr_old: 4.52MU/s,, dr_max: 361.64MU/s,  dr_corr_DR: 4.52MU/s, T_scan: 0.17s
2025-05-22 10:35:37,552 - __main__ - INFO - 레이어 120.80MeV, dr_machine: 9.90MU/s, dr_old: 2.64MU/s,, dr_max: 211.21MU/s,  dr_corr_DR: 2.64MU/s, T_scan: 0.21s
2025-05-22 10:35:37,552 - __main__ - INFO - 레이어 118.40MeV, dr_machine: 9.19MU/s, dr_old: 6.66MU/s,, dr_max: 31.07MU/s,  dr_corr_DR: 6.66MU/s, T_scan: 0.00s
2025-05-22 10:35:37,553 - __main__ - INFO - 레이어 116.00MeV, dr_machine: 9.19MU/s, dr_old: 9.19MU/s,, dr_max: 921.79MU/s,  dr_corr_DR: 9.19MU/s, T_scan: 0.13s
2025-05-22 10:35:37,553 - __main__ - INFO - 레이어 113.60MeV, dr_machine: 9.19MU/s, dr_old: 5.91MU/s,, dr_max: 472.42MU/s,  dr_corr_DR: 5.91MU/s, T_scan: 0.05s
2025-05-22 10:35:37,553 - __main__ - INFO - 호흡/게이팅 신호 생성 중 (주기: 4.0초, 진폭: 0.2)
2025-05-22 10:35:37,555 - __main__ - INFO - 빔 조사 시간 시뮬레이션 중 (레이어 전환 시간: 2.0초)
2025-05-22 10:35:37,556 - __main__ - INFO - T_on: 1.9357000000000002, T_off: 2.0643, T_total: 4.0
2025-05-22 10:35:37,556 - __main__ - INFO - 처리 완료 - 총 치료 시간: 98.58초
2025-05-22 10:35:37,759 - __main__ - INFO - 그래프가 저장되었습니다: output_plots\Port_0-TLS_2.0-TR_4.0-Amp_0.2-DR_80.jpg

2025-05-22 10:35:37,824 - __main__ - INFO - DICOM 파일 로드 중: ./data/RP_74102.dcm
2025-05-22 10:35:37,859 - __main__ - INFO - 레이어 185.60MeV, dr_machine: 20.00MU/s, dr_old: 5.93MU/s,, dr_max: 586.66MU/s,  dr_corr_DR: 5.93MU/s, T_scan: 0.35s
2025-05-22 10:35:37,860 - __main__ - INFO - 레이어 182.00MeV, dr_machine: 20.00MU/s, dr_old: 8.65MU/s,, dr_max: 865.41MU/s,  dr_corr_DR: 8.65MU/s, T_scan: 1.37s
2025-05-22 10:35:37,861 - __main__ - INFO - 레이어 178.40MeV, dr_machine: 20.00MU/s, dr_old: 9.38MU/s,, dr_max: 937.76MU/s,  dr_corr_DR: 9.38MU/s, T_scan: 1.78s
2025-05-22 10:35:37,862 - __main__ - INFO - 레이어 175.20MeV, dr_machine: 20.00MU/s, dr_old: 8.53MU/s,, dr_max: 852.72MU/s,  dr_corr_DR: 8.53MU/s, T_scan: 1.39s
2025-05-22 10:35:37,862 - __main__ - INFO - 레이어 172.00MeV, dr_machine: 20.00MU/s, dr_old: 8.88MU/s,, dr_max: 887.84MU/s,  dr_corr_DR: 8.88MU/s, T_scan: 1.14s
2025-05-22 10:35:37,863 - __main__ - INFO - 레이어 168.80MeV, dr_machine: 20.00MU/s, dr_old: 8.43MU/s,, dr_max: 842.85MU/s,  dr_corr_DR: 8.43MU/s, T_scan: 1.04s
2025-05-22 10:35:37,864 - __main__ - INFO - 레이어 165.60MeV, dr_machine: 20.00MU/s, dr_old: 7.05MU/s,, dr_max: 705.41MU/s,  dr_corr_DR: 7.05MU/s, T_scan: 0.94s
2025-05-22 10:35:37,865 - __main__ - INFO - 레이어 162.40MeV, dr_machine: 20.00MU/s, dr_old: 7.59MU/s,, dr_max: 759.24MU/s,  dr_corr_DR: 7.59MU/s, T_scan: 0.93s
2025-05-22 10:35:37,866 - __main__ - INFO - 레이어 159.20MeV, dr_machine: 20.00MU/s, dr_old: 10.11MU/s,, dr_max: 1011.50MU/s,  dr_corr_DR: 10.11MU/s, T_scan: 0.75s
2025-05-22 10:35:37,866 - __main__ - INFO - 레이어 156.00MeV, dr_machine: 20.00MU/s, dr_old: 9.30MU/s,, dr_max: 930.20MU/s,  dr_corr_DR: 9.30MU/s, T_scan: 0.93s
2025-05-22 10:35:37,867 - __main__ - INFO - 레이어 152.80MeV, dr_machine: 20.00MU/s, dr_old: 9.22MU/s,, dr_max: 921.86MU/s,  dr_corr_DR: 9.22MU/s, T_scan: 0.83s
2025-05-22 10:35:37,868 - __main__ - INFO - 레이어 150.00MeV, dr_machine: 20.00MU/s, dr_old: 8.94MU/s,, dr_max: 894.18MU/s,  dr_corr_DR: 8.94MU/s, T_scan: 0.65s
2025-05-22 10:35:37,868 - __main__ - INFO - 레이어 147.20MeV, dr_machine: 20.00MU/s, dr_old: 8.08MU/s,, dr_max: 807.66MU/s,  dr_corr_DR: 8.08MU/s, T_scan: 0.66s
2025-05-22 10:35:37,869 - __main__ - INFO - 레이어 144.40MeV, dr_machine: 19.53MU/s, dr_old: 9.77MU/s,, dr_max: 976.52MU/s,  dr_corr_DR: 9.77MU/s, T_scan: 0.53s
2025-05-22 10:35:37,870 - __main__ - INFO - 레이어 141.60MeV, dr_machine: 17.24MU/s, dr_old: 7.55MU/s,, dr_max: 755.36MU/s,  dr_corr_DR: 7.55MU/s, T_scan: 0.62s
2025-05-22 10:35:37,870 - __main__ - INFO - 레이어 138.80MeV, dr_machine: 16.09MU/s, dr_old: 8.48MU/s,, dr_max: 848.06MU/s,  dr_corr_DR: 8.48MU/s, T_scan: 0.50s
2025-05-22 10:35:37,871 - __main__ - INFO - 레이어 136.00MeV, dr_machine: 14.94MU/s, dr_old: 6.06MU/s,, dr_max: 605.79MU/s,  dr_corr_DR: 6.06MU/s, T_scan: 0.59s
2025-05-22 10:35:37,872 - __main__ - INFO - 레이어 133.20MeV, dr_machine: 13.79MU/s, dr_old: 4.48MU/s,, dr_max: 447.76MU/s,  dr_corr_DR: 4.48MU/s, T_scan: 0.57s
2025-05-22 10:35:37,872 - __main__ - INFO - 레이어 130.40MeV, dr_machine: 12.64MU/s, dr_old: 8.71MU/s,, dr_max: 871.04MU/s,  dr_corr_DR: 8.71MU/s, T_scan: 0.25s
2025-05-22 10:35:37,873 - __main__ - INFO - 레이어 128.00MeV, dr_machine: 11.49MU/s, dr_old: 4.54MU/s,, dr_max: 453.67MU/s,  dr_corr_DR: 4.54MU/s, T_scan: 0.29s
2025-05-22 10:35:37,873 - __main__ - INFO - 레이어 125.60MeV, dr_machine: 10.80MU/s, dr_old: 3.98MU/s,, dr_max: 398.24MU/s,  dr_corr_DR: 3.98MU/s, T_scan: 0.26s
2025-05-22 10:35:37,874 - __main__ - INFO - 레이어 123.20MeV, dr_machine: 10.80MU/s, dr_old: 3.62MU/s,, dr_max: 361.64MU/s,  dr_corr_DR: 3.62MU/s, T_scan: 0.21s
2025-05-22 10:35:37,874 - __main__ - INFO - 레이어 120.80MeV, dr_machine: 9.90MU/s, dr_old: 2.11MU/s,, dr_max: 211.21MU/s,  dr_corr_DR: 2.11MU/s, T_scan: 0.26s
2025-05-22 10:35:37,876 - __main__ - INFO - 레이어 118.40MeV, dr_machine: 9.19MU/s, dr_old: 6.66MU/s,, dr_max: 31.07MU/s,  dr_corr_DR: 6.66MU/s, T_scan: 0.00s
2025-05-22 10:35:37,876 - __main__ - INFO - 레이어 116.00MeV, dr_machine: 9.19MU/s, dr_old: 9.19MU/s,, dr_max: 921.79MU/s,  dr_corr_DR: 9.19MU/s, T_scan: 0.13s
2025-05-22 10:35:37,877 - __main__ - INFO - 레이어 113.60MeV, dr_machine: 9.19MU/s, dr_old: 4.72MU/s,, dr_max: 472.42MU/s,  dr_corr_DR: 4.72MU/s, T_scan: 0.06s
2025-05-22 10:35:37,877 - __main__ - INFO - 호흡/게이팅 신호 생성 중 (주기: 4.0초, 진폭: 0.2)
2025-05-22 10:35:37,878 - __main__ - INFO - 빔 조사 시간 시뮬레이션 중 (레이어 전환 시간: 2.0초)
2025-05-22 10:35:37,878 - __main__ - INFO - T_on: 1.9357000000000002, T_off: 2.0643, T_total: 4.0
2025-05-22 10:35:37,880 - __main__ - INFO - 처리 완료 - 총 치료 시간: 98.59초
2025-05-22 10:35:38,077 - __main__ - INFO - 그래프가 저장되었습니다: output_plots\Port_0-TLS_2.0-TR_4.0-Amp_0.2-DR_100.jpg

2025-05-22 10:35:38,140 - __main__ - INFO - DICOM 파일 로드 중: ./data/RP_74102.dcm
2025-05-22 10:35:38,176 - __main__ - INFO - 레이어 185.60MeV, dr_machine: 20.00MU/s, dr_old: 5.93MU/s,, dr_max: 586.66MU/s,  dr_corr_DR: 5.93MU/s, T_scan: 0.35s
2025-05-22 10:35:38,177 - __main__ - INFO - 레이어 182.00MeV, dr_machine: 20.00MU/s, dr_old: 7.21MU/s,, dr_max: 865.41MU/s,  dr_corr_DR: 7.21MU/s, T_scan: 1.65s
2025-05-22 10:35:38,178 - __main__ - INFO - 레이어 178.40MeV, dr_machine: 20.00MU/s, dr_old: 7.81MU/s,, dr_max: 937.76MU/s,  dr_corr_DR: 7.81MU/s, T_scan: 2.13s
2025-05-22 10:35:38,178 - __main__ - INFO - 레이어 175.20MeV, dr_machine: 20.00MU/s, dr_old: 7.11MU/s,, dr_max: 852.72MU/s,  dr_corr_DR: 7.11MU/s, T_scan: 1.67s
2025-05-22 10:35:38,179 - __main__ - INFO - 레이어 172.00MeV, dr_machine: 20.00MU/s, dr_old: 7.40MU/s,, dr_max: 887.84MU/s,  dr_corr_DR: 7.40MU/s, T_scan: 1.37s
2025-05-22 10:35:38,179 - __main__ - INFO - 레이어 168.80MeV, dr_machine: 20.00MU/s, dr_old: 7.02MU/s,, dr_max: 842.85MU/s,  dr_corr_DR: 7.02MU/s, T_scan: 1.25s
2025-05-22 10:35:38,181 - __main__ - INFO - 레이어 165.60MeV, dr_machine: 20.00MU/s, dr_old: 5.88MU/s,, dr_max: 705.41MU/s,  dr_corr_DR: 5.88MU/s, T_scan: 1.13s
2025-05-22 10:35:38,181 - __main__ - INFO - 레이어 162.40MeV, dr_machine: 20.00MU/s, dr_old: 6.38MU/s,, dr_max: 759.24MU/s,  dr_corr_DR: 6.38MU/s, T_scan: 1.10s
2025-05-22 10:35:38,182 - __main__ - INFO - 레이어 159.20MeV, dr_machine: 20.00MU/s, dr_old: 8.43MU/s,, dr_max: 1011.50MU/s,  dr_corr_DR: 8.43MU/s, T_scan: 0.89s
2025-05-22 10:35:38,183 - __main__ - INFO - 레이어 156.00MeV, dr_machine: 20.00MU/s, dr_old: 7.75MU/s,, dr_max: 930.20MU/s,  dr_corr_DR: 7.75MU/s, T_scan: 1.11s
2025-05-22 10:35:38,183 - __main__ - INFO - 레이어 152.80MeV, dr_machine: 20.00MU/s, dr_old: 7.68MU/s,, dr_max: 921.86MU/s,  dr_corr_DR: 7.68MU/s, T_scan: 0.99s
2025-05-22 10:35:38,184 - __main__ - INFO - 레이어 150.00MeV, dr_machine: 20.00MU/s, dr_old: 7.45MU/s,, dr_max: 894.18MU/s,  dr_corr_DR: 7.45MU/s, T_scan: 0.78s
2025-05-22 10:35:38,184 - __main__ - INFO - 레이어 147.20MeV, dr_machine: 20.00MU/s, dr_old: 6.73MU/s,, dr_max: 807.66MU/s,  dr_corr_DR: 6.73MU/s, T_scan: 0.79s
2025-05-22 10:35:38,186 - __main__ - INFO - 레이어 144.40MeV, dr_machine: 19.53MU/s, dr_old: 8.14MU/s,, dr_max: 976.52MU/s,  dr_corr_DR: 8.14MU/s, T_scan: 0.63s
2025-05-22 10:35:38,186 - __main__ - INFO - 레이어 141.60MeV, dr_machine: 17.24MU/s, dr_old: 6.43MU/s,, dr_max: 755.36MU/s,  dr_corr_DR: 6.43MU/s, T_scan: 0.73s
2025-05-22 10:35:38,186 - __main__ - INFO - 레이어 138.80MeV, dr_machine: 16.09MU/s, dr_old: 7.07MU/s,, dr_max: 848.06MU/s,  dr_corr_DR: 7.07MU/s, T_scan: 0.60s
2025-05-22 10:35:38,187 - __main__ - INFO - 레이어 136.00MeV, dr_machine: 14.94MU/s, dr_old: 5.05MU/s,, dr_max: 605.79MU/s,  dr_corr_DR: 5.05MU/s, T_scan: 0.70s
2025-05-22 10:35:38,188 - __main__ - INFO - 레이어 133.20MeV, dr_machine: 13.79MU/s, dr_old: 3.73MU/s,, dr_max: 447.76MU/s,  dr_corr_DR: 3.73MU/s, T_scan: 0.69s
2025-05-22 10:35:38,189 - __main__ - INFO - 레이어 130.40MeV, dr_machine: 12.64MU/s, dr_old: 8.13MU/s,, dr_max: 871.04MU/s,  dr_corr_DR: 8.13MU/s, T_scan: 0.27s
2025-05-22 10:35:38,189 - __main__ - INFO - 레이어 128.00MeV, dr_machine: 11.49MU/s, dr_old: 4.37MU/s,, dr_max: 453.67MU/s,  dr_corr_DR: 4.37MU/s, T_scan: 0.30s
2025-05-22 10:35:38,190 - __main__ - INFO - 레이어 125.60MeV, dr_machine: 10.80MU/s, dr_old: 3.32MU/s,, dr_max: 398.24MU/s,  dr_corr_DR: 3.32MU/s, T_scan: 0.31s
2025-05-22 10:35:38,191 - __main__ - INFO - 레이어 123.20MeV, dr_machine: 10.80MU/s, dr_old: 3.01MU/s,, dr_max: 361.64MU/s,  dr_corr_DR: 3.01MU/s, T_scan: 0.25s
2025-05-22 10:35:38,191 - __main__ - INFO - 레이어 120.80MeV, dr_machine: 9.90MU/s, dr_old: 1.82MU/s,, dr_max: 211.21MU/s,  dr_corr_DR: 1.82MU/s, T_scan: 0.30s
2025-05-22 10:35:38,192 - __main__ - INFO - 레이어 118.40MeV, dr_machine: 9.19MU/s, dr_old: 6.66MU/s,, dr_max: 31.07MU/s,  dr_corr_DR: 6.66MU/s, T_scan: 0.00s
2025-05-22 10:35:38,192 - __main__ - INFO - 레이어 116.00MeV, dr_machine: 9.19MU/s, dr_old: 8.07MU/s,, dr_max: 921.79MU/s,  dr_corr_DR: 8.07MU/s, T_scan: 0.15s
2025-05-22 10:35:38,193 - __main__ - INFO - 레이어 113.60MeV, dr_machine: 9.19MU/s, dr_old: 4.38MU/s,, dr_max: 472.42MU/s,  dr_corr_DR: 4.38MU/s, T_scan: 0.06s
2025-05-22 10:35:38,193 - __main__ - INFO - 호흡/게이팅 신호 생성 중 (주기: 4.0초, 진폭: 0.2)
2025-05-22 10:35:38,195 - __main__ - INFO - 빔 조사 시간 시뮬레이션 중 (레이어 전환 시간: 2.0초)
2025-05-22 10:35:38,195 - __main__ - INFO - T_on: 1.9357000000000002, T_off: 2.0643, T_total: 4.0
2025-05-22 10:35:38,196 - __main__ - INFO - 처리 완료 - 총 치료 시간: 102.60초
2025-05-22 10:35:38,424 - __main__ - INFO - 그래프가 저장되었습니다: output_plots\Port_0-TLS_2.0-TR_4.0-Amp_0.2-DR_120.jpg

2025-05-22 10:35:38,486 - __main__ - INFO - DICOM 파일 로드 중: ./data/RP_74102.dcm
2025-05-22 10:35:38,526 - __main__ - INFO - 레이어 185.60MeV, dr_machine: 20.00MU/s, dr_old: 5.93MU/s,, dr_max: 586.66MU/s,  dr_corr_DR: 5.93MU/s, T_scan: 0.35s
2025-05-22 10:35:38,526 - __main__ - INFO - 레이어 182.00MeV, dr_machine: 20.00MU/s, dr_old: 6.27MU/s,, dr_max: 865.41MU/s,  dr_corr_DR: 6.27MU/s, T_scan: 1.90s
2025-05-22 10:35:38,528 - __main__ - INFO - 레이어 178.40MeV, dr_machine: 20.00MU/s, dr_old: 6.70MU/s,, dr_max: 937.76MU/s,  dr_corr_DR: 6.70MU/s, T_scan: 2.49s
2025-05-22 10:35:38,528 - __main__ - INFO - 레이어 175.20MeV, dr_machine: 20.00MU/s, dr_old: 6.19MU/s,, dr_max: 852.72MU/s,  dr_corr_DR: 6.19MU/s, T_scan: 1.91s
2025-05-22 10:35:38,530 - __main__ - INFO - 레이어 172.00MeV, dr_machine: 20.00MU/s, dr_old: 6.35MU/s,, dr_max: 887.84MU/s,  dr_corr_DR: 6.35MU/s, T_scan: 1.59s
2025-05-22 10:35:38,531 - __main__ - INFO - 레이어 168.80MeV, dr_machine: 20.00MU/s, dr_old: 6.16MU/s,, dr_max: 842.85MU/s,  dr_corr_DR: 6.16MU/s, T_scan: 1.42s
2025-05-22 10:35:38,532 - __main__ - INFO - 레이어 165.60MeV, dr_machine: 20.00MU/s, dr_old: 5.10MU/s,, dr_max: 705.41MU/s,  dr_corr_DR: 5.10MU/s, T_scan: 1.30s
2025-05-22 10:35:38,532 - __main__ - INFO - 레이어 162.40MeV, dr_machine: 20.00MU/s, dr_old: 6.38MU/s,, dr_max: 759.24MU/s,  dr_corr_DR: 6.38MU/s, T_scan: 1.10s
2025-05-22 10:35:38,533 - __main__ - INFO - 레이어 159.20MeV, dr_machine: 20.00MU/s, dr_old: 7.22MU/s,, dr_max: 1011.50MU/s,  dr_corr_DR: 7.22MU/s, T_scan: 1.04s
2025-05-22 10:35:38,534 - __main__ - INFO - 레이어 156.00MeV, dr_machine: 20.00MU/s, dr_old: 6.64MU/s,, dr_max: 930.20MU/s,  dr_corr_DR: 6.64MU/s, T_scan: 1.29s
2025-05-22 10:35:38,534 - __main__ - INFO - 레이어 152.80MeV, dr_machine: 20.00MU/s, dr_old: 6.63MU/s,, dr_max: 921.86MU/s,  dr_corr_DR: 6.63MU/s, T_scan: 1.15s
2025-05-22 10:35:38,535 - __main__ - INFO - 레이어 150.00MeV, dr_machine: 20.00MU/s, dr_old: 6.40MU/s,, dr_max: 894.18MU/s,  dr_corr_DR: 6.40MU/s, T_scan: 0.90s
2025-05-22 10:35:38,536 - __main__ - INFO - 레이어 147.20MeV, dr_machine: 20.00MU/s, dr_old: 6.49MU/s,, dr_max: 807.66MU/s,  dr_corr_DR: 6.49MU/s, T_scan: 0.82s
2025-05-22 10:35:38,537 - __main__ - INFO - 레이어 144.40MeV, dr_machine: 19.53MU/s, dr_old: 6.98MU/s,, dr_max: 976.52MU/s,  dr_corr_DR: 6.98MU/s, T_scan: 0.73s
2025-05-22 10:35:38,538 - __main__ - INFO - 레이어 141.60MeV, dr_machine: 17.24MU/s, dr_old: 6.43MU/s,, dr_max: 755.36MU/s,  dr_corr_DR: 6.43MU/s, T_scan: 0.73s
2025-05-22 10:35:38,538 - __main__ - INFO - 레이어 138.80MeV, dr_machine: 16.09MU/s, dr_old: 6.73MU/s,, dr_max: 848.06MU/s,  dr_corr_DR: 6.73MU/s, T_scan: 0.63s
2025-05-22 10:35:38,539 - __main__ - INFO - 레이어 136.00MeV, dr_machine: 14.94MU/s, dr_old: 4.33MU/s,, dr_max: 605.79MU/s,  dr_corr_DR: 4.33MU/s, T_scan: 0.81s
2025-05-22 10:35:38,540 - __main__ - INFO - 레이어 133.20MeV, dr_machine: 13.79MU/s, dr_old: 3.20MU/s,, dr_max: 447.76MU/s,  dr_corr_DR: 3.20MU/s, T_scan: 0.80s
2025-05-22 10:35:38,541 - __main__ - INFO - 레이어 130.40MeV, dr_machine: 12.64MU/s, dr_old: 8.13MU/s,, dr_max: 871.04MU/s,  dr_corr_DR: 8.13MU/s, T_scan: 0.27s
2025-05-22 10:35:38,542 - __main__ - INFO - 레이어 128.00MeV, dr_machine: 11.49MU/s, dr_old: 4.37MU/s,, dr_max: 453.67MU/s,  dr_corr_DR: 4.37MU/s, T_scan: 0.30s
2025-05-22 10:35:38,543 - __main__ - INFO - 레이어 125.60MeV, dr_machine: 10.80MU/s, dr_old: 2.84MU/s,, dr_max: 398.24MU/s,  dr_corr_DR: 2.84MU/s, T_scan: 0.36s
2025-05-22 10:35:38,543 - __main__ - INFO - 레이어 123.20MeV, dr_machine: 10.80MU/s, dr_old: 2.58MU/s,, dr_max: 361.64MU/s,  dr_corr_DR: 2.58MU/s, T_scan: 0.29s
2025-05-22 10:35:38,544 - __main__ - INFO - 레이어 120.80MeV, dr_machine: 9.90MU/s, dr_old: 1.82MU/s,, dr_max: 211.21MU/s,  dr_corr_DR: 1.82MU/s, T_scan: 0.30s
2025-05-22 10:35:38,545 - __main__ - INFO - 레이어 118.40MeV, dr_machine: 9.19MU/s, dr_old: 6.66MU/s,, dr_max: 31.07MU/s,  dr_corr_DR: 6.66MU/s, T_scan: 0.00s
2025-05-22 10:35:38,545 - __main__ - INFO - 레이어 116.00MeV, dr_machine: 9.19MU/s, dr_old: 8.07MU/s,, dr_max: 921.79MU/s,  dr_corr_DR: 8.07MU/s, T_scan: 0.15s
2025-05-22 10:35:38,546 - __main__ - INFO - 레이어 113.60MeV, dr_machine: 9.19MU/s, dr_old: 4.38MU/s,, dr_max: 472.42MU/s,  dr_corr_DR: 4.38MU/s, T_scan: 0.06s
2025-05-22 10:35:38,546 - __main__ - INFO - 호흡/게이팅 신호 생성 중 (주기: 4.0초, 진폭: 0.2)
2025-05-22 10:35:38,547 - __main__ - INFO - 빔 조사 시간 시뮬레이션 중 (레이어 전환 시간: 2.0초)
2025-05-22 10:35:38,548 - __main__ - INFO - T_on: 1.9357000000000002, T_off: 2.0643, T_total: 4.0
2025-05-22 10:35:38,548 - __main__ - INFO - 처리 완료 - 총 치료 시간: 102.60초
2025-05-22 10:35:38,751 - __main__ - INFO - 그래프가 저장되었습니다: output_plots\Port_0-TLS_2.0-TR_4.0-Amp_0.2-DR_140.jpg

2025-05-22 10:35:38,815 - __main__ - INFO - DICOM 파일 로드 중: ./data/RP_74102.dcm
2025-05-22 10:35:38,851 - __main__ - INFO - 레이어 185.60MeV, dr_machine: 20.00MU/s, dr_old: 5.93MU/s,, dr_max: 586.66MU/s,  dr_corr_DR: 5.93MU/s, T_scan: 0.35s
2025-05-22 10:35:38,851 - __main__ - INFO - 레이어 182.00MeV, dr_machine: 20.00MU/s, dr_old: 6.27MU/s,, dr_max: 865.41MU/s,  dr_corr_DR: 6.27MU/s, T_scan: 1.90s
2025-05-22 10:35:38,853 - __main__ - INFO - 레이어 178.40MeV, dr_machine: 20.00MU/s, dr_old: 6.37MU/s,, dr_max: 937.76MU/s,  dr_corr_DR: 6.37MU/s, T_scan: 2.62s
2025-05-22 10:35:38,853 - __main__ - INFO - 레이어 175.20MeV, dr_machine: 20.00MU/s, dr_old: 6.19MU/s,, dr_max: 852.72MU/s,  dr_corr_DR: 6.19MU/s, T_scan: 1.91s
2025-05-22 10:35:38,854 - __main__ - INFO - 레이어 172.00MeV, dr_machine: 20.00MU/s, dr_old: 6.35MU/s,, dr_max: 887.84MU/s,  dr_corr_DR: 6.35MU/s, T_scan: 1.59s
2025-05-22 10:35:38,855 - __main__ - INFO - 레이어 168.80MeV, dr_machine: 20.00MU/s, dr_old: 6.16MU/s,, dr_max: 842.85MU/s,  dr_corr_DR: 6.16MU/s, T_scan: 1.42s
2025-05-22 10:35:38,855 - __main__ - INFO - 레이어 165.60MeV, dr_machine: 20.00MU/s, dr_old: 5.10MU/s,, dr_max: 705.41MU/s,  dr_corr_DR: 5.10MU/s, T_scan: 1.30s
2025-05-22 10:35:38,856 - __main__ - INFO - 레이어 162.40MeV, dr_machine: 20.00MU/s, dr_old: 6.38MU/s,, dr_max: 759.24MU/s,  dr_corr_DR: 6.38MU/s, T_scan: 1.10s
2025-05-22 10:35:38,857 - __main__ - INFO - 레이어 159.20MeV, dr_machine: 20.00MU/s, dr_old: 6.72MU/s,, dr_max: 1011.50MU/s,  dr_corr_DR: 6.72MU/s, T_scan: 1.11s
2025-05-22 10:35:38,857 - __main__ - INFO - 레이어 156.00MeV, dr_machine: 20.00MU/s, dr_old: 6.17MU/s,, dr_max: 930.20MU/s,  dr_corr_DR: 6.17MU/s, T_scan: 1.39s
2025-05-22 10:35:38,858 - __main__ - INFO - 레이어 152.80MeV, dr_machine: 20.00MU/s, dr_old: 6.63MU/s,, dr_max: 921.86MU/s,  dr_corr_DR: 6.63MU/s, T_scan: 1.15s
2025-05-22 10:35:38,859 - __main__ - INFO - 레이어 150.00MeV, dr_machine: 20.00MU/s, dr_old: 6.40MU/s,, dr_max: 894.18MU/s,  dr_corr_DR: 6.40MU/s, T_scan: 0.90s
2025-05-22 10:35:38,859 - __main__ - INFO - 레이어 147.20MeV, dr_machine: 20.00MU/s, dr_old: 6.49MU/s,, dr_max: 807.66MU/s,  dr_corr_DR: 6.49MU/s, T_scan: 0.82s
2025-05-22 10:35:38,860 - __main__ - INFO - 레이어 144.40MeV, dr_machine: 19.53MU/s, dr_old: 6.54MU/s,, dr_max: 976.52MU/s,  dr_corr_DR: 6.54MU/s, T_scan: 0.78s
2025-05-22 10:35:38,861 - __main__ - INFO - 레이어 141.60MeV, dr_machine: 17.24MU/s, dr_old: 6.43MU/s,, dr_max: 755.36MU/s,  dr_corr_DR: 6.43MU/s, T_scan: 0.73s
2025-05-22 10:35:38,862 - __main__ - INFO - 레이어 138.80MeV, dr_machine: 16.09MU/s, dr_old: 6.73MU/s,, dr_max: 848.06MU/s,  dr_corr_DR: 6.73MU/s, T_scan: 0.63s
2025-05-22 10:35:38,862 - __main__ - INFO - 레이어 136.00MeV, dr_machine: 14.94MU/s, dr_old: 4.02MU/s,, dr_max: 605.79MU/s,  dr_corr_DR: 4.02MU/s, T_scan: 0.87s
2025-05-22 10:35:38,863 - __main__ - INFO - 레이어 133.20MeV, dr_machine: 13.79MU/s, dr_old: 2.98MU/s,, dr_max: 447.76MU/s,  dr_corr_DR: 2.98MU/s, T_scan: 0.86s
2025-05-22 10:35:38,864 - __main__ - INFO - 레이어 130.40MeV, dr_machine: 12.64MU/s, dr_old: 8.13MU/s,, dr_max: 871.04MU/s,  dr_corr_DR: 8.13MU/s, T_scan: 0.27s
2025-05-22 10:35:38,865 - __main__ - INFO - 레이어 128.00MeV, dr_machine: 11.49MU/s, dr_old: 4.37MU/s,, dr_max: 453.67MU/s,  dr_corr_DR: 4.37MU/s, T_scan: 0.30s
2025-05-22 10:35:38,865 - __main__ - INFO - 레이어 125.60MeV, dr_machine: 10.80MU/s, dr_old: 2.80MU/s,, dr_max: 398.24MU/s,  dr_corr_DR: 2.80MU/s, T_scan: 0.37s
2025-05-22 10:35:38,866 - __main__ - INFO - 레이어 123.20MeV, dr_machine: 10.80MU/s, dr_old: 2.41MU/s,, dr_max: 361.64MU/s,  dr_corr_DR: 2.41MU/s, T_scan: 0.31s
2025-05-22 10:35:38,867 - __main__ - INFO - 레이어 120.80MeV, dr_machine: 9.90MU/s, dr_old: 1.82MU/s,, dr_max: 211.21MU/s,  dr_corr_DR: 1.82MU/s, T_scan: 0.30s
2025-05-22 10:35:38,867 - __main__ - INFO - 레이어 118.40MeV, dr_machine: 9.19MU/s, dr_old: 6.66MU/s,, dr_max: 31.07MU/s,  dr_corr_DR: 6.66MU/s, T_scan: 0.00s
2025-05-22 10:35:38,868 - __main__ - INFO - 레이어 116.00MeV, dr_machine: 9.19MU/s, dr_old: 8.07MU/s,, dr_max: 921.79MU/s,  dr_corr_DR: 8.07MU/s, T_scan: 0.15s
2025-05-22 10:35:38,869 - __main__ - INFO - 레이어 113.60MeV, dr_machine: 9.19MU/s, dr_old: 4.38MU/s,, dr_max: 472.42MU/s,  dr_corr_DR: 4.38MU/s, T_scan: 0.06s
2025-05-22 10:35:38,869 - __main__ - INFO - 호흡/게이팅 신호 생성 중 (주기: 4.0초, 진폭: 0.2)
2025-05-22 10:35:38,870 - __main__ - INFO - 빔 조사 시간 시뮬레이션 중 (레이어 전환 시간: 2.0초)
2025-05-22 10:35:38,871 - __main__ - INFO - T_on: 1.9357000000000002, T_off: 2.0643, T_total: 4.0
2025-05-22 10:35:38,871 - __main__ - INFO - 처리 완료 - 총 치료 시간: 102.60초
2025-05-22 10:35:39,071 - __main__ - INFO - 그래프가 저장되었습니다: output_plots\Port_0-TLS_2.0-TR_4.0-Amp_0.2-DR_160.jpg

2025-05-22 10:35:39,131 - __main__ - INFO - DICOM 파일 로드 중: ./data/RP_74102.dcm
2025-05-22 10:35:39,167 - __main__ - INFO - 레이어 185.60MeV, dr_machine: 20.00MU/s, dr_old: 5.93MU/s,, dr_max: 586.66MU/s,  dr_corr_DR: 5.93MU/s, T_scan: 0.35s
2025-05-22 10:35:39,168 - __main__ - INFO - 레이어 182.00MeV, dr_machine: 20.00MU/s, dr_old: 6.27MU/s,, dr_max: 865.41MU/s,  dr_corr_DR: 6.27MU/s, T_scan: 1.90s
2025-05-22 10:35:39,169 - __main__ - INFO - 레이어 178.40MeV, dr_machine: 20.00MU/s, dr_old: 6.37MU/s,, dr_max: 937.76MU/s,  dr_corr_DR: 6.37MU/s, T_scan: 2.62s
2025-05-22 10:35:39,169 - __main__ - INFO - 레이어 175.20MeV, dr_machine: 20.00MU/s, dr_old: 6.19MU/s,, dr_max: 852.72MU/s,  dr_corr_DR: 6.19MU/s, T_scan: 1.91s
2025-05-22 10:35:39,170 - __main__ - INFO - 레이어 172.00MeV, dr_machine: 20.00MU/s, dr_old: 6.35MU/s,, dr_max: 887.84MU/s,  dr_corr_DR: 6.35MU/s, T_scan: 1.59s
2025-05-22 10:35:39,171 - __main__ - INFO - 레이어 168.80MeV, dr_machine: 20.00MU/s, dr_old: 6.16MU/s,, dr_max: 842.85MU/s,  dr_corr_DR: 6.16MU/s, T_scan: 1.42s
2025-05-22 10:35:39,171 - __main__ - INFO - 레이어 165.60MeV, dr_machine: 20.00MU/s, dr_old: 5.10MU/s,, dr_max: 705.41MU/s,  dr_corr_DR: 5.10MU/s, T_scan: 1.30s
2025-05-22 10:35:39,172 - __main__ - INFO - 레이어 162.40MeV, dr_machine: 20.00MU/s, dr_old: 6.38MU/s,, dr_max: 759.24MU/s,  dr_corr_DR: 6.38MU/s, T_scan: 1.10s
2025-05-22 10:35:39,173 - __main__ - INFO - 레이어 159.20MeV, dr_machine: 20.00MU/s, dr_old: 6.72MU/s,, dr_max: 1011.50MU/s,  dr_corr_DR: 6.72MU/s, T_scan: 1.11s
2025-05-22 10:35:39,173 - __main__ - INFO - 레이어 156.00MeV, dr_machine: 20.00MU/s, dr_old: 6.17MU/s,, dr_max: 930.20MU/s,  dr_corr_DR: 6.17MU/s, T_scan: 1.39s
2025-05-22 10:35:39,174 - __main__ - INFO - 레이어 152.80MeV, dr_machine: 20.00MU/s, dr_old: 6.63MU/s,, dr_max: 921.86MU/s,  dr_corr_DR: 6.63MU/s, T_scan: 1.15s
2025-05-22 10:35:39,175 - __main__ - INFO - 레이어 150.00MeV, dr_machine: 20.00MU/s, dr_old: 6.40MU/s,, dr_max: 894.18MU/s,  dr_corr_DR: 6.40MU/s, T_scan: 0.90s
2025-05-22 10:35:39,176 - __main__ - INFO - 레이어 147.20MeV, dr_machine: 20.00MU/s, dr_old: 6.49MU/s,, dr_max: 807.66MU/s,  dr_corr_DR: 6.49MU/s, T_scan: 0.82s
2025-05-22 10:35:39,176 - __main__ - INFO - 레이어 144.40MeV, dr_machine: 19.53MU/s, dr_old: 6.54MU/s,, dr_max: 976.52MU/s,  dr_corr_DR: 6.54MU/s, T_scan: 0.78s
2025-05-22 10:35:39,177 - __main__ - INFO - 레이어 141.60MeV, dr_machine: 17.24MU/s, dr_old: 6.43MU/s,, dr_max: 755.36MU/s,  dr_corr_DR: 6.43MU/s, T_scan: 0.73s
2025-05-22 10:35:39,178 - __main__ - INFO - 레이어 138.80MeV, dr_machine: 16.09MU/s, dr_old: 6.73MU/s,, dr_max: 848.06MU/s,  dr_corr_DR: 6.73MU/s, T_scan: 0.63s
2025-05-22 10:35:39,178 - __main__ - INFO - 레이어 136.00MeV, dr_machine: 14.94MU/s, dr_old: 4.02MU/s,, dr_max: 605.79MU/s,  dr_corr_DR: 4.02MU/s, T_scan: 0.87s
2025-05-22 10:35:39,180 - __main__ - INFO - 레이어 133.20MeV, dr_machine: 13.79MU/s, dr_old: 2.98MU/s,, dr_max: 447.76MU/s,  dr_corr_DR: 2.98MU/s, T_scan: 0.86s
2025-05-22 10:35:39,180 - __main__ - INFO - 레이어 130.40MeV, dr_machine: 12.64MU/s, dr_old: 8.13MU/s,, dr_max: 871.04MU/s,  dr_corr_DR: 8.13MU/s, T_scan: 0.27s
2025-05-22 10:35:39,181 - __main__ - INFO - 레이어 128.00MeV, dr_machine: 11.49MU/s, dr_old: 4.37MU/s,, dr_max: 453.67MU/s,  dr_corr_DR: 4.37MU/s, T_scan: 0.30s
2025-05-22 10:35:39,182 - __main__ - INFO - 레이어 125.60MeV, dr_machine: 10.80MU/s, dr_old: 2.80MU/s,, dr_max: 398.24MU/s,  dr_corr_DR: 2.80MU/s, T_scan: 0.37s
2025-05-22 10:35:39,182 - __main__ - INFO - 레이어 123.20MeV, dr_machine: 10.80MU/s, dr_old: 2.41MU/s,, dr_max: 361.64MU/s,  dr_corr_DR: 2.41MU/s, T_scan: 0.31s
2025-05-22 10:35:39,183 - __main__ - INFO - 레이어 120.80MeV, dr_machine: 9.90MU/s, dr_old: 1.82MU/s,, dr_max: 211.21MU/s,  dr_corr_DR: 1.82MU/s, T_scan: 0.30s
2025-05-22 10:35:39,183 - __main__ - INFO - 레이어 118.40MeV, dr_machine: 9.19MU/s, dr_old: 6.66MU/s,, dr_max: 31.07MU/s,  dr_corr_DR: 6.66MU/s, T_scan: 0.00s
2025-05-22 10:35:39,184 - __main__ - INFO - 레이어 116.00MeV, dr_machine: 9.19MU/s, dr_old: 8.07MU/s,, dr_max: 921.79MU/s,  dr_corr_DR: 8.07MU/s, T_scan: 0.15s
2025-05-22 10:35:39,185 - __main__ - INFO - 레이어 113.60MeV, dr_machine: 9.19MU/s, dr_old: 4.38MU/s,, dr_max: 472.42MU/s,  dr_corr_DR: 4.38MU/s, T_scan: 0.06s
2025-05-22 10:35:39,185 - __main__ - INFO - 호흡/게이팅 신호 생성 중 (주기: 4.0초, 진폭: 0.2)
2025-05-22 10:35:39,187 - __main__ - INFO - 빔 조사 시간 시뮬레이션 중 (레이어 전환 시간: 2.0초)
2025-05-22 10:35:39,187 - __main__ - INFO - T_on: 1.9357000000000002, T_off: 2.0643, T_total: 4.0
2025-05-22 10:35:39,187 - __main__ - INFO - 처리 완료 - 총 치료 시간: 102.60초
2025-05-22 10:35:39,402 - __main__ - INFO - 그래프가 저장되었습니다: output_plots\Port_0-TLS_2.0-TR_4.0-Amp_0.2-DR_180.jpg

2025-05-22 10:35:39,472 - __main__ - INFO - DICOM 파일 로드 중: ./data/RP_74102.dcm
2025-05-22 10:35:39,515 - __main__ - INFO - 레이어 185.60MeV, dr_machine: 20.00MU/s, dr_old: 5.93MU/s,, dr_max: 586.66MU/s,  dr_corr_DR: 5.93MU/s, T_scan: 0.35s
2025-05-22 10:35:39,516 - __main__ - INFO - 레이어 182.00MeV, dr_machine: 20.00MU/s, dr_old: 6.27MU/s,, dr_max: 865.41MU/s,  dr_corr_DR: 6.27MU/s, T_scan: 1.90s
2025-05-22 10:35:39,517 - __main__ - INFO - 레이어 178.40MeV, dr_machine: 20.00MU/s, dr_old: 6.37MU/s,, dr_max: 937.76MU/s,  dr_corr_DR: 6.37MU/s, T_scan: 2.62s
2025-05-22 10:35:39,517 - __main__ - INFO - 레이어 175.20MeV, dr_machine: 20.00MU/s, dr_old: 6.19MU/s,, dr_max: 852.72MU/s,  dr_corr_DR: 6.19MU/s, T_scan: 1.91s
2025-05-22 10:35:39,518 - __main__ - INFO - 레이어 172.00MeV, dr_machine: 20.00MU/s, dr_old: 6.35MU/s,, dr_max: 887.84MU/s,  dr_corr_DR: 6.35MU/s, T_scan: 1.59s
2025-05-22 10:35:39,518 - __main__ - INFO - 레이어 168.80MeV, dr_machine: 20.00MU/s, dr_old: 6.16MU/s,, dr_max: 842.85MU/s,  dr_corr_DR: 6.16MU/s, T_scan: 1.42s
2025-05-22 10:35:39,519 - __main__ - INFO - 레이어 165.60MeV, dr_machine: 20.00MU/s, dr_old: 5.10MU/s,, dr_max: 705.41MU/s,  dr_corr_DR: 5.10MU/s, T_scan: 1.30s
2025-05-22 10:35:39,520 - __main__ - INFO - 레이어 162.40MeV, dr_machine: 20.00MU/s, dr_old: 6.38MU/s,, dr_max: 759.24MU/s,  dr_corr_DR: 6.38MU/s, T_scan: 1.10s
2025-05-22 10:35:39,520 - __main__ - INFO - 레이어 159.20MeV, dr_machine: 20.00MU/s, dr_old: 6.72MU/s,, dr_max: 1011.50MU/s,  dr_corr_DR: 6.72MU/s, T_scan: 1.11s
2025-05-22 10:35:39,521 - __main__ - INFO - 레이어 156.00MeV, dr_machine: 20.00MU/s, dr_old: 6.17MU/s,, dr_max: 930.20MU/s,  dr_corr_DR: 6.17MU/s, T_scan: 1.39s
2025-05-22 10:35:39,522 - __main__ - INFO - 레이어 152.80MeV, dr_machine: 20.00MU/s, dr_old: 6.63MU/s,, dr_max: 921.86MU/s,  dr_corr_DR: 6.63MU/s, T_scan: 1.15s
2025-05-22 10:35:39,523 - __main__ - INFO - 레이어 150.00MeV, dr_machine: 20.00MU/s, dr_old: 6.40MU/s,, dr_max: 894.18MU/s,  dr_corr_DR: 6.40MU/s, T_scan: 0.90s
2025-05-22 10:35:39,524 - __main__ - INFO - 레이어 147.20MeV, dr_machine: 20.00MU/s, dr_old: 6.49MU/s,, dr_max: 807.66MU/s,  dr_corr_DR: 6.49MU/s, T_scan: 0.82s
2025-05-22 10:35:39,525 - __main__ - INFO - 레이어 144.40MeV, dr_machine: 19.53MU/s, dr_old: 6.54MU/s,, dr_max: 976.52MU/s,  dr_corr_DR: 6.54MU/s, T_scan: 0.78s
2025-05-22 10:35:39,525 - __main__ - INFO - 레이어 141.60MeV, dr_machine: 17.24MU/s, dr_old: 6.43MU/s,, dr_max: 755.36MU/s,  dr_corr_DR: 6.43MU/s, T_scan: 0.73s
2025-05-22 10:35:39,526 - __main__ - INFO - 레이어 138.80MeV, dr_machine: 16.09MU/s, dr_old: 6.73MU/s,, dr_max: 848.06MU/s,  dr_corr_DR: 6.73MU/s, T_scan: 0.63s
2025-05-22 10:35:39,526 - __main__ - INFO - 레이어 136.00MeV, dr_machine: 14.94MU/s, dr_old: 4.02MU/s,, dr_max: 605.79MU/s,  dr_corr_DR: 4.02MU/s, T_scan: 0.87s
2025-05-22 10:35:39,528 - __main__ - INFO - 레이어 133.20MeV, dr_machine: 13.79MU/s, dr_old: 2.98MU/s,, dr_max: 447.76MU/s,  dr_corr_DR: 2.98MU/s, T_scan: 0.86s
2025-05-22 10:35:39,528 - __main__ - INFO - 레이어 130.40MeV, dr_machine: 12.64MU/s, dr_old: 8.13MU/s,, dr_max: 871.04MU/s,  dr_corr_DR: 8.13MU/s, T_scan: 0.27s
2025-05-22 10:35:39,529 - __main__ - INFO - 레이어 128.00MeV, dr_machine: 11.49MU/s, dr_old: 4.37MU/s,, dr_max: 453.67MU/s,  dr_corr_DR: 4.37MU/s, T_scan: 0.30s
2025-05-22 10:35:39,530 - __main__ - INFO - 레이어 125.60MeV, dr_machine: 10.80MU/s, dr_old: 2.80MU/s,, dr_max: 398.24MU/s,  dr_corr_DR: 2.80MU/s, T_scan: 0.37s
2025-05-22 10:35:39,531 - __main__ - INFO - 레이어 123.20MeV, dr_machine: 10.80MU/s, dr_old: 2.41MU/s,, dr_max: 361.64MU/s,  dr_corr_DR: 2.41MU/s, T_scan: 0.31s
2025-05-22 10:35:39,531 - __main__ - INFO - 레이어 120.80MeV, dr_machine: 9.90MU/s, dr_old: 1.82MU/s,, dr_max: 211.21MU/s,  dr_corr_DR: 1.82MU/s, T_scan: 0.30s
2025-05-22 10:35:39,532 - __main__ - INFO - 레이어 118.40MeV, dr_machine: 9.19MU/s, dr_old: 6.66MU/s,, dr_max: 31.07MU/s,  dr_corr_DR: 6.66MU/s, T_scan: 0.00s
2025-05-22 10:35:39,533 - __main__ - INFO - 레이어 116.00MeV, dr_machine: 9.19MU/s, dr_old: 8.07MU/s,, dr_max: 921.79MU/s,  dr_corr_DR: 8.07MU/s, T_scan: 0.15s
2025-05-22 10:35:39,534 - __main__ - INFO - 레이어 113.60MeV, dr_machine: 9.19MU/s, dr_old: 4.38MU/s,, dr_max: 472.42MU/s,  dr_corr_DR: 4.38MU/s, T_scan: 0.06s
2025-05-22 10:35:39,534 - __main__ - INFO - 호흡/게이팅 신호 생성 중 (주기: 4.0초, 진폭: 0.2)
2025-05-22 10:35:39,536 - __main__ - INFO - 빔 조사 시간 시뮬레이션 중 (레이어 전환 시간: 2.0초)
2025-05-22 10:35:39,536 - __main__ - INFO - T_on: 1.9357000000000002, T_off: 2.0643, T_total: 4.0
2025-05-22 10:35:39,536 - __main__ - INFO - 처리 완료 - 총 치료 시간: 102.60초
2025-05-22 10:35:39,752 - __main__ - INFO - 그래프가 저장되었습니다: output_plots\Port_0-TLS_2.0-TR_4.0-Amp_0.2-DR_200.jpg

